This is pdfTeX, Version 3.141592653-2.6-1.40.25 (MiKTeX 24.1) (preloaded format=pdflatex 2024.3.2)  28 MAY 2024 11:38
entering extended mode
 \write18 enabled.
 %&-line parsing enabled.
**./main.tex
(main.tex
LaTeX2e <2023-11-01> patch level 1
L3 programming layer <2024-02-20>
(C:\Users\ss\AppData\Local\Programs\MiKTeX_new\tex/latex/beamer\beamer.cls
Document Class: beamer 2024/01/06 v3.71 A class for typesetting presentations

(C:\Users\ss\AppData\Local\Programs\MiKTeX_new\tex/latex/beamer\beamerbasemodes
.sty
(C:\Users\ss\AppData\Local\Programs\MiKTeX_new\tex/latex/etoolbox\etoolbox.sty
Package: etoolbox 2020/10/05 v2.5k e-TeX tools for LaTeX (JAW)
\etb@tempcnta=\count188
)
\beamer@tempbox=\box51
\beamer@tempcount=\count189
\c@beamerpauses=\count190

(C:\Users\ss\AppData\Local\Programs\MiKTeX_new\tex/latex/beamer\beamerbasedecod
e.sty
\beamer@slideinframe=\count191
\beamer@minimum=\count192
\beamer@decode@box=\box52
)
\beamer@commentbox=\box53
\beamer@modecount=\count193
)
(C:\Users\ss\AppData\Local\Programs\MiKTeX_new\tex/generic/iftex\iftex.sty
Package: iftex 2022/02/03 v1.0f TeX engine tests
)
\headdp=\dimen140
\footheight=\dimen141
\sidebarheight=\dimen142
\beamer@tempdim=\dimen143
\beamer@finalheight=\dimen144
\beamer@animht=\dimen145
\beamer@animdp=\dimen146
\beamer@animwd=\dimen147
\beamer@leftmargin=\dimen148
\beamer@rightmargin=\dimen149
\beamer@leftsidebar=\dimen150
\beamer@rightsidebar=\dimen151
\beamer@boxsize=\dimen152
\beamer@vboxoffset=\dimen153
\beamer@descdefault=\dimen154
\beamer@descriptionwidth=\dimen155
\beamer@lastskip=\skip48
\beamer@areabox=\box54
\beamer@animcurrent=\box55
\beamer@animshowbox=\box56
\beamer@sectionbox=\box57
\beamer@logobox=\box58
\beamer@linebox=\box59
\beamer@sectioncount=\count194
\beamer@subsubsectionmax=\count195
\beamer@subsectionmax=\count196
\beamer@sectionmax=\count197
\beamer@totalheads=\count198
\beamer@headcounter=\count199
\beamer@partstartpage=\count266
\beamer@sectionstartpage=\count267
\beamer@subsectionstartpage=\count268
\beamer@animationtempa=\count269
\beamer@animationtempb=\count270
\beamer@xpos=\count271
\beamer@ypos=\count272
\beamer@ypos@offset=\count273
\beamer@showpartnumber=\count274
\beamer@currentsubsection=\count275
\beamer@coveringdepth=\count276
\beamer@sectionadjust=\count277
\beamer@toclastsection=\count278
\beamer@tocsectionnumber=\count279

(C:\Users\ss\AppData\Local\Programs\MiKTeX_new\tex/latex/beamer\beamerbaseoptio
ns.sty
(C:\Users\ss\AppData\Local\Programs\MiKTeX_new\tex/latex/graphics\keyval.sty
Package: keyval 2022/05/29 v1.15 key=value parser (DPC)
\KV@toks@=\toks17
))
\beamer@paperwidth=\skip49
\beamer@paperheight=\skip50

(C:\Users\ss\AppData\Local\Programs\MiKTeX_new\tex/latex/geometry\geometry.sty
Package: geometry 2020/01/02 v5.9 Page Geometry

(C:\Users\ss\AppData\Local\Programs\MiKTeX_new\tex/generic/iftex\ifvtex.sty
Package: ifvtex 2019/10/25 v1.7 ifvtex legacy package. Use iftex instead.
)
\Gm@cnth=\count280
\Gm@cntv=\count281
\c@Gm@tempcnt=\count282
\Gm@bindingoffset=\dimen156
\Gm@wd@mp=\dimen157
\Gm@odd@mp=\dimen158
\Gm@even@mp=\dimen159
\Gm@layoutwidth=\dimen160
\Gm@layoutheight=\dimen161
\Gm@layouthoffset=\dimen162
\Gm@layoutvoffset=\dimen163
\Gm@dimlist=\toks18

(C:\Users\ss\AppData\Local\Programs\MiKTeX_new\tex/latex/geometry\geometry.cfg)
) (C:\Users\ss\AppData\Local\Programs\MiKTeX_new\tex/latex/pgf/math\pgfmath.sty

(C:\Users\ss\AppData\Local\Programs\MiKTeX_new\tex/latex/pgf/utilities\pgfrcs.s
ty
(C:\Users\ss\AppData\Local\Programs\MiKTeX_new\tex/generic/pgf/utilities\pgfuti
l-common.tex
\pgfutil@everybye=\toks19
\pgfutil@tempdima=\dimen164
\pgfutil@tempdimb=\dimen165
)
(C:\Users\ss\AppData\Local\Programs\MiKTeX_new\tex/generic/pgf/utilities\pgfuti
l-latex.def
\pgfutil@abb=\box60
)
(C:\Users\ss\AppData\Local\Programs\MiKTeX_new\tex/generic/pgf/utilities\pgfrcs
.code.tex
(C:\Users\ss\AppData\Local\Programs\MiKTeX_new\tex/generic/pgf\pgf.revision.tex
)
Package: pgfrcs 2023-01-15 v3.1.10 (3.1.10)
))
(C:\Users\ss\AppData\Local\Programs\MiKTeX_new\tex/latex/pgf/utilities\pgfkeys.
sty
(C:\Users\ss\AppData\Local\Programs\MiKTeX_new\tex/generic/pgf/utilities\pgfkey
s.code.tex
\pgfkeys@pathtoks=\toks20
\pgfkeys@temptoks=\toks21

(C:\Users\ss\AppData\Local\Programs\MiKTeX_new\tex/generic/pgf/utilities\pgfkey
slibraryfiltered.code.tex
\pgfkeys@tmptoks=\toks22
)))
(C:\Users\ss\AppData\Local\Programs\MiKTeX_new\tex/generic/pgf/math\pgfmath.cod
e.tex
(C:\Users\ss\AppData\Local\Programs\MiKTeX_new\tex/generic/pgf/math\pgfmathutil
.code.tex
\pgf@x=\dimen166
\pgf@xa=\dimen167
\pgf@xb=\dimen168
\pgf@xc=\dimen169
\pgf@y=\dimen170
\pgf@ya=\dimen171
\pgf@yb=\dimen172
\pgf@yc=\dimen173
\c@pgf@counta=\count283
\c@pgf@countb=\count284
\c@pgf@countc=\count285
\c@pgf@countd=\count286
)
(C:\Users\ss\AppData\Local\Programs\MiKTeX_new\tex/generic/pgf/math\pgfmathpars
er.code.tex
\pgfmath@dimen=\dimen174
\pgfmath@count=\count287
\pgfmath@box=\box61
\pgfmath@toks=\toks23
\pgfmath@stack@operand=\toks24
\pgfmath@stack@operation=\toks25
)
(C:\Users\ss\AppData\Local\Programs\MiKTeX_new\tex/generic/pgf/math\pgfmathfunc
tions.code.tex)
(C:\Users\ss\AppData\Local\Programs\MiKTeX_new\tex/generic/pgf/math\pgfmathfunc
tions.basic.code.tex)
(C:\Users\ss\AppData\Local\Programs\MiKTeX_new\tex/generic/pgf/math\pgfmathfunc
tions.trigonometric.code.tex)
(C:\Users\ss\AppData\Local\Programs\MiKTeX_new\tex/generic/pgf/math\pgfmathfunc
tions.random.code.tex)
(C:\Users\ss\AppData\Local\Programs\MiKTeX_new\tex/generic/pgf/math\pgfmathfunc
tions.comparison.code.tex)
(C:\Users\ss\AppData\Local\Programs\MiKTeX_new\tex/generic/pgf/math\pgfmathfunc
tions.base.code.tex)
(C:\Users\ss\AppData\Local\Programs\MiKTeX_new\tex/generic/pgf/math\pgfmathfunc
tions.round.code.tex)
(C:\Users\ss\AppData\Local\Programs\MiKTeX_new\tex/generic/pgf/math\pgfmathfunc
tions.misc.code.tex)
(C:\Users\ss\AppData\Local\Programs\MiKTeX_new\tex/generic/pgf/math\pgfmathfunc
tions.integerarithmetics.code.tex)
(C:\Users\ss\AppData\Local\Programs\MiKTeX_new\tex/generic/pgf/math\pgfmathcalc
.code.tex)
(C:\Users\ss\AppData\Local\Programs\MiKTeX_new\tex/generic/pgf/math\pgfmathfloa
t.code.tex
\c@pgfmathroundto@lastzeros=\count288
)))
(C:\Users\ss\AppData\Local\Programs\MiKTeX_new\tex/latex/base\size11.clo
File: size11.clo 2023/05/17 v1.4n Standard LaTeX file (size option)
)
(C:\Users\ss\AppData\Local\Programs\MiKTeX_new\tex/latex/pgf/basiclayer\pgfcore
.sty
(C:\Users\ss\AppData\Local\Programs\MiKTeX_new\tex/latex/graphics\graphicx.sty
Package: graphicx 2021/09/16 v1.2d Enhanced LaTeX Graphics (DPC,SPQR)

(C:\Users\ss\AppData\Local\Programs\MiKTeX_new\tex/latex/graphics\graphics.sty
Package: graphics 2022/03/10 v1.4e Standard LaTeX Graphics (DPC,SPQR)

(C:\Users\ss\AppData\Local\Programs\MiKTeX_new\tex/latex/graphics\trig.sty
Package: trig 2021/08/11 v1.11 sin cos tan (DPC)
)
(C:\Users\ss\AppData\Local\Programs\MiKTeX_new\tex/latex/graphics-cfg\graphics.
cfg
File: graphics.cfg 2016/06/04 v1.11 sample graphics configuration
)
Package graphics Info: Driver file: pdftex.def on input line 107.

(C:\Users\ss\AppData\Local\Programs\MiKTeX_new\tex/latex/graphics-def\pdftex.de
f
File: pdftex.def 2022/09/22 v1.2b Graphics/color driver for pdftex
))
\Gin@req@height=\dimen175
\Gin@req@width=\dimen176
)
(C:\Users\ss\AppData\Local\Programs\MiKTeX_new\tex/latex/pgf/systemlayer\pgfsys
.sty
(C:\Users\ss\AppData\Local\Programs\MiKTeX_new\tex/generic/pgf/systemlayer\pgfs
ys.code.tex
Package: pgfsys 2023-01-15 v3.1.10 (3.1.10)
\pgf@x=\dimen177
\pgf@y=\dimen178
\pgf@xa=\dimen179
\pgf@ya=\dimen180
\pgf@xb=\dimen181
\pgf@yb=\dimen182
\pgf@xc=\dimen183
\pgf@yc=\dimen184
\pgf@xd=\dimen185
\pgf@yd=\dimen186
\w@pgf@writea=\write3
\r@pgf@reada=\read2
\c@pgf@counta=\count289
\c@pgf@countb=\count290
\c@pgf@countc=\count291
\c@pgf@countd=\count292
\t@pgf@toka=\toks26
\t@pgf@tokb=\toks27
\t@pgf@tokc=\toks28
\pgf@sys@id@count=\count293

(C:\Users\ss\AppData\Local\Programs\MiKTeX_new\tex/generic/pgf/systemlayer\pgf.
cfg
File: pgf.cfg 2023-01-15 v3.1.10 (3.1.10)
)
Driver file for pgf: pgfsys-pdftex.def

(C:\Users\ss\AppData\Local\Programs\MiKTeX_new\tex/generic/pgf/systemlayer\pgfs
ys-pdftex.def
File: pgfsys-pdftex.def 2023-01-15 v3.1.10 (3.1.10)

(C:\Users\ss\AppData\Local\Programs\MiKTeX_new\tex/generic/pgf/systemlayer\pgfs
ys-common-pdf.def
File: pgfsys-common-pdf.def 2023-01-15 v3.1.10 (3.1.10)
)))
(C:\Users\ss\AppData\Local\Programs\MiKTeX_new\tex/generic/pgf/systemlayer\pgfs
yssoftpath.code.tex
File: pgfsyssoftpath.code.tex 2023-01-15 v3.1.10 (3.1.10)
\pgfsyssoftpath@smallbuffer@items=\count294
\pgfsyssoftpath@bigbuffer@items=\count295
)
(C:\Users\ss\AppData\Local\Programs\MiKTeX_new\tex/generic/pgf/systemlayer\pgfs
ysprotocol.code.tex
File: pgfsysprotocol.code.tex 2023-01-15 v3.1.10 (3.1.10)
))
(C:\Users\ss\AppData\Local\Programs\MiKTeX_new\tex/latex/xcolor\xcolor.sty
Package: xcolor 2023/11/15 v3.01 LaTeX color extensions (UK)

(C:\Users\ss\AppData\Local\Programs\MiKTeX_new\tex/latex/graphics-cfg\color.cfg
File: color.cfg 2016/01/02 v1.6 sample color configuration
)
Package xcolor Info: Driver file: pdftex.def on input line 274.

(C:\Users\ss\AppData\Local\Programs\MiKTeX_new\tex/latex/graphics\mathcolor.ltx
)
Package xcolor Info: Model `cmy' substituted by `cmy0' on input line 1350.
Package xcolor Info: Model `hsb' substituted by `rgb' on input line 1354.
Package xcolor Info: Model `RGB' extended on input line 1366.
Package xcolor Info: Model `HTML' substituted by `rgb' on input line 1368.
Package xcolor Info: Model `Hsb' substituted by `hsb' on input line 1369.
Package xcolor Info: Model `tHsb' substituted by `hsb' on input line 1370.
Package xcolor Info: Model `HSB' substituted by `hsb' on input line 1371.
Package xcolor Info: Model `Gray' substituted by `gray' on input line 1372.
Package xcolor Info: Model `wave' substituted by `hsb' on input line 1373.
)
(C:\Users\ss\AppData\Local\Programs\MiKTeX_new\tex/generic/pgf/basiclayer\pgfco
re.code.tex
Package: pgfcore 2023-01-15 v3.1.10 (3.1.10)

(C:\Users\ss\AppData\Local\Programs\MiKTeX_new\tex/generic/pgf/math\pgfint.code
.tex)
(C:\Users\ss\AppData\Local\Programs\MiKTeX_new\tex/generic/pgf/basiclayer\pgfco
repoints.code.tex
File: pgfcorepoints.code.tex 2023-01-15 v3.1.10 (3.1.10)
\pgf@picminx=\dimen187
\pgf@picmaxx=\dimen188
\pgf@picminy=\dimen189
\pgf@picmaxy=\dimen190
\pgf@pathminx=\dimen191
\pgf@pathmaxx=\dimen192
\pgf@pathminy=\dimen193
\pgf@pathmaxy=\dimen194
\pgf@xx=\dimen195
\pgf@xy=\dimen196
\pgf@yx=\dimen197
\pgf@yy=\dimen198
\pgf@zx=\dimen199
\pgf@zy=\dimen256
)
(C:\Users\ss\AppData\Local\Programs\MiKTeX_new\tex/generic/pgf/basiclayer\pgfco
repathconstruct.code.tex
File: pgfcorepathconstruct.code.tex 2023-01-15 v3.1.10 (3.1.10)
\pgf@path@lastx=\dimen257
\pgf@path@lasty=\dimen258
)
(C:\Users\ss\AppData\Local\Programs\MiKTeX_new\tex/generic/pgf/basiclayer\pgfco
repathusage.code.tex
File: pgfcorepathusage.code.tex 2023-01-15 v3.1.10 (3.1.10)
\pgf@shorten@end@additional=\dimen259
\pgf@shorten@start@additional=\dimen260
)
(C:\Users\ss\AppData\Local\Programs\MiKTeX_new\tex/generic/pgf/basiclayer\pgfco
rescopes.code.tex
File: pgfcorescopes.code.tex 2023-01-15 v3.1.10 (3.1.10)
\pgfpic=\box62
\pgf@hbox=\box63
\pgf@layerbox@main=\box64
\pgf@picture@serial@count=\count296
)
(C:\Users\ss\AppData\Local\Programs\MiKTeX_new\tex/generic/pgf/basiclayer\pgfco
regraphicstate.code.tex
File: pgfcoregraphicstate.code.tex 2023-01-15 v3.1.10 (3.1.10)
\pgflinewidth=\dimen261
)
(C:\Users\ss\AppData\Local\Programs\MiKTeX_new\tex/generic/pgf/basiclayer\pgfco
retransformations.code.tex
File: pgfcoretransformations.code.tex 2023-01-15 v3.1.10 (3.1.10)
\pgf@pt@x=\dimen262
\pgf@pt@y=\dimen263
\pgf@pt@temp=\dimen264
)
(C:\Users\ss\AppData\Local\Programs\MiKTeX_new\tex/generic/pgf/basiclayer\pgfco
requick.code.tex
File: pgfcorequick.code.tex 2023-01-15 v3.1.10 (3.1.10)
)
(C:\Users\ss\AppData\Local\Programs\MiKTeX_new\tex/generic/pgf/basiclayer\pgfco
reobjects.code.tex
File: pgfcoreobjects.code.tex 2023-01-15 v3.1.10 (3.1.10)
)
(C:\Users\ss\AppData\Local\Programs\MiKTeX_new\tex/generic/pgf/basiclayer\pgfco
repathprocessing.code.tex
File: pgfcorepathprocessing.code.tex 2023-01-15 v3.1.10 (3.1.10)
)
(C:\Users\ss\AppData\Local\Programs\MiKTeX_new\tex/generic/pgf/basiclayer\pgfco
rearrows.code.tex
File: pgfcorearrows.code.tex 2023-01-15 v3.1.10 (3.1.10)
\pgfarrowsep=\dimen265
)
(C:\Users\ss\AppData\Local\Programs\MiKTeX_new\tex/generic/pgf/basiclayer\pgfco
reshade.code.tex
File: pgfcoreshade.code.tex 2023-01-15 v3.1.10 (3.1.10)
\pgf@max=\dimen266
\pgf@sys@shading@range@num=\count297
\pgf@shadingcount=\count298
)
(C:\Users\ss\AppData\Local\Programs\MiKTeX_new\tex/generic/pgf/basiclayer\pgfco
reimage.code.tex
File: pgfcoreimage.code.tex 2023-01-15 v3.1.10 (3.1.10)
)
(C:\Users\ss\AppData\Local\Programs\MiKTeX_new\tex/generic/pgf/basiclayer\pgfco
reexternal.code.tex
File: pgfcoreexternal.code.tex 2023-01-15 v3.1.10 (3.1.10)
\pgfexternal@startupbox=\box65
)
(C:\Users\ss\AppData\Local\Programs\MiKTeX_new\tex/generic/pgf/basiclayer\pgfco
relayers.code.tex
File: pgfcorelayers.code.tex 2023-01-15 v3.1.10 (3.1.10)
)
(C:\Users\ss\AppData\Local\Programs\MiKTeX_new\tex/generic/pgf/basiclayer\pgfco
retransparency.code.tex
File: pgfcoretransparency.code.tex 2023-01-15 v3.1.10 (3.1.10)
)
(C:\Users\ss\AppData\Local\Programs\MiKTeX_new\tex/generic/pgf/basiclayer\pgfco
repatterns.code.tex
File: pgfcorepatterns.code.tex 2023-01-15 v3.1.10 (3.1.10)
)
(C:\Users\ss\AppData\Local\Programs\MiKTeX_new\tex/generic/pgf/basiclayer\pgfco
rerdf.code.tex
File: pgfcorerdf.code.tex 2023-01-15 v3.1.10 (3.1.10)
)))
(C:\Users\ss\AppData\Local\Programs\MiKTeX_new\tex/latex/pgf/utilities\xxcolor.
sty
Package: xxcolor 2003/10/24 ver 0.1
\XC@nummixins=\count299
\XC@countmixins=\count300
)
(C:\Users\ss\AppData\Local\Programs\MiKTeX_new\tex/latex/base\atbegshi-ltx.sty
Package: atbegshi-ltx 2021/01/10 v1.0c Emulation of the original atbegshi
package with kernel methods
) (C:\Users\ss\AppData\Local\Programs\MiKTeX_new\tex/latex/hyperref\hyperref.st
y
Package: hyperref 2024-01-20 v7.01h Hypertext links for LaTeX

(C:\Users\ss\AppData\Local\Programs\MiKTeX_new\tex/latex/kvsetkeys\kvsetkeys.st
y
Package: kvsetkeys 2022-10-05 v1.19 Key value parser (HO)
)
(C:\Users\ss\AppData\Local\Programs\MiKTeX_new\tex/generic/kvdefinekeys\kvdefin
ekeys.sty
Package: kvdefinekeys 2019-12-19 v1.6 Define keys (HO)
)
(C:\Users\ss\AppData\Local\Programs\MiKTeX_new\tex/generic/pdfescape\pdfescape.
sty
Package: pdfescape 2019/12/09 v1.15 Implements pdfTeX's escape features (HO)

(C:\Users\ss\AppData\Local\Programs\MiKTeX_new\tex/generic/ltxcmds\ltxcmds.sty
Package: ltxcmds 2023-12-04 v1.26 LaTeX kernel commands for general use (HO)
)
(C:\Users\ss\AppData\Local\Programs\MiKTeX_new\tex/generic/pdftexcmds\pdftexcmd
s.sty
Package: pdftexcmds 2020-06-27 v0.33 Utility functions of pdfTeX for LuaTeX (HO
)

(C:\Users\ss\AppData\Local\Programs\MiKTeX_new\tex/generic/infwarerr\infwarerr.
sty
Package: infwarerr 2019/12/03 v1.5 Providing info/warning/error messages (HO)
)
Package pdftexcmds Info: \pdf@primitive is available.
Package pdftexcmds Info: \pdf@ifprimitive is available.
Package pdftexcmds Info: \pdfdraftmode found.
))
(C:\Users\ss\AppData\Local\Programs\MiKTeX_new\tex/latex/hycolor\hycolor.sty
Package: hycolor 2020-01-27 v1.10 Color options for hyperref/bookmark (HO)
)
(C:\Users\ss\AppData\Local\Programs\MiKTeX_new\tex/latex/auxhook\auxhook.sty
Package: auxhook 2019-12-17 v1.6 Hooks for auxiliary files (HO)
)
(C:\Users\ss\AppData\Local\Programs\MiKTeX_new\tex/latex/hyperref\nameref.sty
Package: nameref 2023-11-26 v2.56 Cross-referencing by name of section

(C:\Users\ss\AppData\Local\Programs\MiKTeX_new\tex/latex/refcount\refcount.sty
Package: refcount 2019/12/15 v3.6 Data extraction from label references (HO)
)
(C:\Users\ss\AppData\Local\Programs\MiKTeX_new\tex/generic/gettitlestring\getti
tlestring.sty
Package: gettitlestring 2019/12/15 v1.6 Cleanup title references (HO)

(C:\Users\ss\AppData\Local\Programs\MiKTeX_new\tex/latex/kvoptions\kvoptions.st
y
Package: kvoptions 2022-06-15 v3.15 Key value format for package options (HO)
))
\c@section@level=\count301
)
\@linkdim=\dimen267
\Hy@linkcounter=\count302
\Hy@pagecounter=\count303

(C:\Users\ss\AppData\Local\Programs\MiKTeX_new\tex/latex/hyperref\pd1enc.def
File: pd1enc.def 2024-01-20 v7.01h Hyperref: PDFDocEncoding definition (HO)
Now handling font encoding PD1 ...
... no UTF-8 mapping file for font encoding PD1
)
(C:\Users\ss\AppData\Local\Programs\MiKTeX_new\tex/generic/intcalc\intcalc.sty
Package: intcalc 2019/12/15 v1.3 Expandable calculations with integers (HO)
)
\Hy@SavedSpaceFactor=\count304
(C:\Users\ss\AppData\Local\Programs\MiKTeX_new\tex/latex/hyperref\puenc.def
File: puenc.def 2024-01-20 v7.01h Hyperref: PDF Unicode definition (HO)
Now handling font encoding PU ...
... no UTF-8 mapping file for font encoding PU
)
Package hyperref Info: Option `bookmarks' set `true' on input line 4062.
Package hyperref Info: Option `bookmarksopen' set `true' on input line 4062.
Package hyperref Info: Option `implicit' set `false' on input line 4062.
Package hyperref Info: Hyper figures OFF on input line 4179.
Package hyperref Info: Link nesting OFF on input line 4184.
Package hyperref Info: Hyper index ON on input line 4187.
Package hyperref Info: Plain pages OFF on input line 4194.
Package hyperref Info: Backreferencing OFF on input line 4199.
Package hyperref Info: Implicit mode OFF; no redefinition of LaTeX internals.
Package hyperref Info: Bookmarks ON on input line 4446.
\c@Hy@tempcnt=\count305

(C:\Users\ss\AppData\Local\Programs\MiKTeX_new\tex/latex/url\url.sty
\Urlmuskip=\muskip16
Package: url 2013/09/16  ver 3.4  Verb mode for urls, etc.
)
LaTeX Info: Redefining \url on input line 4784.
\XeTeXLinkMargin=\dimen268

(C:\Users\ss\AppData\Local\Programs\MiKTeX_new\tex/generic/bitset\bitset.sty
Package: bitset 2019/12/09 v1.3 Handle bit-vector datatype (HO)

(C:\Users\ss\AppData\Local\Programs\MiKTeX_new\tex/generic/bigintcalc\bigintcal
c.sty
Package: bigintcalc 2019/12/15 v1.5 Expandable calculations on big integers (HO
)
))
\Fld@menulength=\count306
\Field@Width=\dimen269
\Fld@charsize=\dimen270
Package hyperref Info: Hyper figures OFF on input line 6063.
Package hyperref Info: Link nesting OFF on input line 6068.
Package hyperref Info: Hyper index ON on input line 6071.
Package hyperref Info: backreferencing OFF on input line 6078.
Package hyperref Info: Link coloring OFF on input line 6083.
Package hyperref Info: Link coloring with OCG OFF on input line 6088.
Package hyperref Info: PDF/A mode OFF on input line 6093.
\Hy@abspage=\count307


Package hyperref Message: Stopped early.

)
Package hyperref Info: Driver (autodetected): hpdftex.
 (C:\Users\ss\AppData\Local\Programs\MiKTeX_new\tex/latex/hyperref\hpdftex.def
File: hpdftex.def 2024-01-20 v7.01h Hyperref driver for pdfTeX

(C:\Users\ss\AppData\Local\Programs\MiKTeX_new\tex/latex/base\atveryend-ltx.sty
Package: atveryend-ltx 2020/08/19 v1.0a Emulation of the original atveryend pac
kage
with kernel methods
)
\Fld@listcount=\count308
\c@bookmark@seq@number=\count309

(C:\Users\ss\AppData\Local\Programs\MiKTeX_new\tex/latex/rerunfilecheck\rerunfi
lecheck.sty
Package: rerunfilecheck 2022-07-10 v1.10 Rerun checks for auxiliary files (HO)

(C:\Users\ss\AppData\Local\Programs\MiKTeX_new\tex/generic/uniquecounter\unique
counter.sty
Package: uniquecounter 2019/12/15 v1.4 Provide unlimited unique counter (HO)
)
Package uniquecounter Info: New unique counter `rerunfilecheck' on input line 2
85.
))
(C:\Users\ss\AppData\Local\Programs\MiKTeX_new\tex/latex/beamer\beamerbaserequi
res.sty
(C:\Users\ss\AppData\Local\Programs\MiKTeX_new\tex/latex/beamer\beamerbasecompa
tibility.sty)
(C:\Users\ss\AppData\Local\Programs\MiKTeX_new\tex/latex/beamer\beamerbasefont.
sty
(C:\Users\ss\AppData\Local\Programs\MiKTeX_new\tex/latex/amsfonts\amssymb.sty
Package: amssymb 2013/01/14 v3.01 AMS font symbols

(C:\Users\ss\AppData\Local\Programs\MiKTeX_new\tex/latex/amsfonts\amsfonts.sty
Package: amsfonts 2013/01/14 v3.01 Basic AMSFonts support
\@emptytoks=\toks29
\symAMSa=\mathgroup4
\symAMSb=\mathgroup5
LaTeX Font Info:    Redeclaring math symbol \hbar on input line 98.
LaTeX Font Info:    Overwriting math alphabet `\mathfrak' in version `bold'
(Font)                  U/euf/m/n --> U/euf/b/n on input line 106.
))
(C:\Users\ss\AppData\Local\Programs\MiKTeX_new\tex/latex/sansmathaccent\sansmat
haccent.sty
Package: sansmathaccent 2020/01/31

(C:\Users\ss\AppData\Local\Programs\MiKTeX_new\tex/latex/koma-script\scrlfile.s
ty
Package: scrlfile 2023/07/07 v3.41 KOMA-Script package (file load hooks)

(C:\Users\ss\AppData\Local\Programs\MiKTeX_new\tex/latex/koma-script\scrlfile-h
ook.sty
Package: scrlfile-hook 2023/07/07 v3.41 KOMA-Script package (using LaTeX hooks)


(C:\Users\ss\AppData\Local\Programs\MiKTeX_new\tex/latex/koma-script\scrlogo.st
y
Package: scrlogo 2023/07/07 v3.41 KOMA-Script package (logo)
)))))
(C:\Users\ss\AppData\Local\Programs\MiKTeX_new\tex/latex/beamer\beamerbasetrans
lator.sty
(C:\Users\ss\AppData\Local\Programs\MiKTeX_new\tex/latex/translator\translator.
sty
Package: translator 2021-05-31 v1.12d Easy translation of strings in LaTeX
))
(C:\Users\ss\AppData\Local\Programs\MiKTeX_new\tex/latex/beamer\beamerbasemisc.
sty)
(C:\Users\ss\AppData\Local\Programs\MiKTeX_new\tex/latex/beamer\beamerbasetwosc
reens.sty)
(C:\Users\ss\AppData\Local\Programs\MiKTeX_new\tex/latex/beamer\beamerbaseoverl
ay.sty
\beamer@argscount=\count310
\beamer@lastskipcover=\skip51
\beamer@trivlistdepth=\count311
)
(C:\Users\ss\AppData\Local\Programs\MiKTeX_new\tex/latex/beamer\beamerbasetitle
.sty)
(C:\Users\ss\AppData\Local\Programs\MiKTeX_new\tex/latex/beamer\beamerbasesecti
on.sty
\c@lecture=\count312
\c@part=\count313
\c@section=\count314
\c@subsection=\count315
\c@subsubsection=\count316
)
(C:\Users\ss\AppData\Local\Programs\MiKTeX_new\tex/latex/beamer\beamerbaseframe
.sty
\beamer@framebox=\box66
\beamer@frametitlebox=\box67
\beamer@zoombox=\box68
\beamer@zoomcount=\count317
\beamer@zoomframecount=\count318
\beamer@frametextheight=\dimen271
\c@subsectionslide=\count319
\beamer@frametopskip=\skip52
\beamer@framebottomskip=\skip53
\beamer@frametopskipautobreak=\skip54
\beamer@framebottomskipautobreak=\skip55
\beamer@envbody=\toks30
\framewidth=\dimen272
\c@framenumber=\count320
)
(C:\Users\ss\AppData\Local\Programs\MiKTeX_new\tex/latex/beamer\beamerbaseverba
tim.sty
\beamer@verbatimfileout=\write4
)
(C:\Users\ss\AppData\Local\Programs\MiKTeX_new\tex/latex/beamer\beamerbaseframe
size.sty
\beamer@splitbox=\box69
\beamer@autobreakcount=\count321
\beamer@autobreaklastheight=\dimen273
\beamer@frametitletoks=\toks31
\beamer@framesubtitletoks=\toks32
)
(C:\Users\ss\AppData\Local\Programs\MiKTeX_new\tex/latex/beamer\beamerbaseframe
components.sty
\beamer@footins=\box70
)
(C:\Users\ss\AppData\Local\Programs\MiKTeX_new\tex/latex/beamer\beamerbasecolor
.sty)
(C:\Users\ss\AppData\Local\Programs\MiKTeX_new\tex/latex/beamer\beamerbasenotes
.sty
\beamer@frameboxcopy=\box71
)
(C:\Users\ss\AppData\Local\Programs\MiKTeX_new\tex/latex/beamer\beamerbasetoc.s
ty)
(C:\Users\ss\AppData\Local\Programs\MiKTeX_new\tex/latex/beamer\beamerbasetempl
ates.sty
\beamer@sbttoks=\toks33

(C:\Users\ss\AppData\Local\Programs\MiKTeX_new\tex/latex/beamer\beamerbaseauxte
mplates.sty
(C:\Users\ss\AppData\Local\Programs\MiKTeX_new\tex/latex/beamer\beamerbaseboxes
.sty
\bmb@box=\box72
\bmb@colorbox=\box73
\bmb@boxwidth=\dimen274
\bmb@boxheight=\dimen275
\bmb@prevheight=\dimen276
\bmb@temp=\dimen277
\bmb@dima=\dimen278
\bmb@dimb=\dimen279
\bmb@prevheight=\dimen280
)
\beamer@blockheadheight=\dimen281
))
(C:\Users\ss\AppData\Local\Programs\MiKTeX_new\tex/latex/beamer\beamerbaselocal
structure.sty
(C:\Users\ss\AppData\Local\Programs\MiKTeX_new\tex/latex/tools\enumerate.sty
Package: enumerate 2023/07/04 v3.00 enumerate extensions (DPC)
\@enLab=\toks34
)
\beamer@bibiconwidth=\skip56
\c@figure=\count322
\c@table=\count323
\abovecaptionskip=\skip57
\belowcaptionskip=\skip58
)
(C:\Users\ss\AppData\Local\Programs\MiKTeX_new\tex/latex/beamer\beamerbasenavig
ation.sty
(C:\Users\ss\AppData\Local\Programs\MiKTeX_new\tex/latex/beamer\beamerbasenavig
ationsymbols.tex)
\beamer@section@min@dim=\dimen282
)
(C:\Users\ss\AppData\Local\Programs\MiKTeX_new\tex/latex/beamer\beamerbasetheor
ems.sty
(C:\Users\ss\AppData\Local\Programs\MiKTeX_new\tex/latex/amsmath\amsmath.sty
Package: amsmath 2023/05/13 v2.17o AMS math features
\@mathmargin=\skip59

For additional information on amsmath, use the `?' option.
(C:\Users\ss\AppData\Local\Programs\MiKTeX_new\tex/latex/amsmath\amstext.sty
Package: amstext 2021/08/26 v2.01 AMS text

(C:\Users\ss\AppData\Local\Programs\MiKTeX_new\tex/latex/amsmath\amsgen.sty
File: amsgen.sty 1999/11/30 v2.0 generic functions
\@emptytoks=\toks35
\ex@=\dimen283
))
(C:\Users\ss\AppData\Local\Programs\MiKTeX_new\tex/latex/amsmath\amsbsy.sty
Package: amsbsy 1999/11/29 v1.2d Bold Symbols
\pmbraise@=\dimen284
)
(C:\Users\ss\AppData\Local\Programs\MiKTeX_new\tex/latex/amsmath\amsopn.sty
Package: amsopn 2022/04/08 v2.04 operator names
)
\inf@bad=\count324
LaTeX Info: Redefining \frac on input line 234.
\uproot@=\count325
\leftroot@=\count326
LaTeX Info: Redefining \overline on input line 399.
LaTeX Info: Redefining \colon on input line 410.
\classnum@=\count327
\DOTSCASE@=\count328
LaTeX Info: Redefining \ldots on input line 496.
LaTeX Info: Redefining \dots on input line 499.
LaTeX Info: Redefining \cdots on input line 620.
\Mathstrutbox@=\box74
\strutbox@=\box75
LaTeX Info: Redefining \big on input line 722.
LaTeX Info: Redefining \Big on input line 723.
LaTeX Info: Redefining \bigg on input line 724.
LaTeX Info: Redefining \Bigg on input line 725.
\big@size=\dimen285
LaTeX Font Info:    Redeclaring font encoding OML on input line 743.
LaTeX Font Info:    Redeclaring font encoding OMS on input line 744.
\macc@depth=\count329
LaTeX Info: Redefining \bmod on input line 905.
LaTeX Info: Redefining \pmod on input line 910.
LaTeX Info: Redefining \smash on input line 940.
LaTeX Info: Redefining \relbar on input line 970.
LaTeX Info: Redefining \Relbar on input line 971.
\c@MaxMatrixCols=\count330
\dotsspace@=\muskip17
\c@parentequation=\count331
\dspbrk@lvl=\count332
\tag@help=\toks36
\row@=\count333
\column@=\count334
\maxfields@=\count335
\andhelp@=\toks37
\eqnshift@=\dimen286
\alignsep@=\dimen287
\tagshift@=\dimen288
\tagwidth@=\dimen289
\totwidth@=\dimen290
\lineht@=\dimen291
\@envbody=\toks38
\multlinegap=\skip60
\multlinetaggap=\skip61
\mathdisplay@stack=\toks39
LaTeX Info: Redefining \[ on input line 2953.
LaTeX Info: Redefining \] on input line 2954.
)
(C:\Users\ss\AppData\Local\Programs\MiKTeX_new\tex/latex/amscls\amsthm.sty
Package: amsthm 2020/05/29 v2.20.6
\thm@style=\toks40
\thm@bodyfont=\toks41
\thm@headfont=\toks42
\thm@notefont=\toks43
\thm@headpunct=\toks44
\thm@preskip=\skip62
\thm@postskip=\skip63
\thm@headsep=\skip64
\dth@everypar=\toks45
)
\c@theorem=\count336
)
(C:\Users\ss\AppData\Local\Programs\MiKTeX_new\tex/latex/beamer\beamerbasetheme
s.sty))
(C:\Users\ss\AppData\Local\Programs\MiKTeX_new\tex/latex/beamer\beamerthemedefa
ult.sty
(C:\Users\ss\AppData\Local\Programs\MiKTeX_new\tex/latex/beamer\beamerfonttheme
default.sty)
(C:\Users\ss\AppData\Local\Programs\MiKTeX_new\tex/latex/beamer\beamercolorthem
edefault.sty)
(C:\Users\ss\AppData\Local\Programs\MiKTeX_new\tex/latex/beamer\beamerinnerthem
edefault.sty
\beamer@dima=\dimen292
\beamer@dimb=\dimen293
)
(C:\Users\ss\AppData\Local\Programs\MiKTeX_new\tex/latex/beamer\beamerouterthem
edefault.sty)))
(C:\Users\ss\AppData\Local\Programs\MiKTeX_new\tex/latex/wrapfig\wrapfig.sty
\wrapoverhang=\dimen294
\WF@size=\dimen295
\c@WF@wrappedlines=\count337
\WF@box=\box76
\WF@everypar=\toks46
Package: wrapfig 2003/01/31  v 3.6
)
(C:\Users\ss\AppData\Local\Programs\MiKTeX_new\tex/latex/svg\svg.sty
Package: svg 2020/11/26 v2.02k (include SVG pictures)

(C:\Users\ss\AppData\Local\Programs\MiKTeX_new\tex/latex/koma-script\scrbase.st
y
Package: scrbase 2023/07/07 v3.41 KOMA-Script package (KOMA-Script-independent 
basics and keyval usage)
Applying: [2021/05/01] Usage of raw or classic option list on input line 252.
Already applied: [0000/00/00] Usage of raw or classic option list on input line
 368.
)
(C:\Users\ss\AppData\Local\Programs\MiKTeX_new\tex/latex/trimspaces\trimspaces.
sty
Package: trimspaces 2009/09/17 v1.1 Trim spaces around a token list
)
(C:\Users\ss\AppData\Local\Programs\MiKTeX_new\tex/latex/tools\shellesc.sty
Package: shellesc 2023/07/08 v1.0d unified shell escape interface for LaTeX
Package shellesc Info: Unrestricted shell escape enabled on input line 75.
)
(C:\Users\ss\AppData\Local\Programs\MiKTeX_new\tex/latex/ifplatform\ifplatform.
sty
Package: ifplatform 2017/10/13 v0.4a Testing for the operating system

(C:\Users\ss\AppData\Local\Programs\MiKTeX_new\tex/generic/catchfile\catchfile.
sty
Package: catchfile 2019/12/09 v1.8 Catch the contents of a file (HO)

(C:\Users\ss\AppData\Local\Programs\MiKTeX_new\tex/generic/etexcmds\etexcmds.st
y
Package: etexcmds 2019/12/15 v1.7 Avoid name clashes with e-TeX commands (HO)
))
(C:\Users\ss\AppData\Local\Programs\MiKTeX_new\tex/generic/iftex\ifluatex.sty
Package: ifluatex 2019/10/25 v1.5 ifluatex legacy package. Use iftex instead.
))
\c@svg@param@lastpage=\count338
\svg@box=\box77
\c@svg@param@currpage=\count339
)
(C:\Users\ss\AppData\Local\Programs\MiKTeX_new\tex/latex/transparent\transparen
t.sty
Package: transparent 2022-10-27 v1.5 Transparency with color stacks

(C:\Users\ss\AppData\Local\Programs\MiKTeX_new\tex/latex/transparent\transparen
t-nometadata.sty
Package: transparent-nometadata 2022-10-27 v1.5 Transparency via pdfTeX's color
 stack (HO)
))
(C:\Users\ss\AppData\Local\Programs\MiKTeX_new\tex/latex/l3backend\l3backend-pd
ftex.def
File: l3backend-pdftex.def 2024-02-20 L3 backend support: PDF output (pdfTeX)
\l__color_backend_stack_int=\count340
\l__pdf_internal_box=\box78
) (main.aux

LaTeX Warning: Label `Egating and SET' multiply defined.

)
\openout1 = `main.aux'.

LaTeX Font Info:    Checking defaults for OML/cmm/m/it on input line 16.
LaTeX Font Info:    ... okay on input line 16.
LaTeX Font Info:    Checking defaults for OMS/cmsy/m/n on input line 16.
LaTeX Font Info:    ... okay on input line 16.
LaTeX Font Info:    Checking defaults for OT1/cmr/m/n on input line 16.
LaTeX Font Info:    ... okay on input line 16.
LaTeX Font Info:    Checking defaults for T1/cmr/m/n on input line 16.
LaTeX Font Info:    ... okay on input line 16.
LaTeX Font Info:    Checking defaults for TS1/cmr/m/n on input line 16.
LaTeX Font Info:    ... okay on input line 16.
LaTeX Font Info:    Checking defaults for OMX/cmex/m/n on input line 16.
LaTeX Font Info:    ... okay on input line 16.
LaTeX Font Info:    Checking defaults for U/cmr/m/n on input line 16.
LaTeX Font Info:    ... okay on input line 16.
LaTeX Font Info:    Checking defaults for PD1/pdf/m/n on input line 16.
LaTeX Font Info:    ... okay on input line 16.
LaTeX Font Info:    Checking defaults for PU/pdf/m/n on input line 16.
LaTeX Font Info:    ... okay on input line 16.

*geometry* driver: auto-detecting
*geometry* detected driver: pdftex
*geometry* verbose mode - [ preamble ] result:
* driver: pdftex
* paper: custom
* layout: <same size as paper>
* layoutoffset:(h,v)=(0.0pt,0.0pt)
* modes: includehead includefoot 
* h-part:(L,W,R)=(28.45274pt, 307.28987pt, 28.45274pt)
* v-part:(T,H,B)=(0.0pt, 273.14662pt, 0.0pt)
* \paperwidth=364.19536pt
* \paperheight=273.14662pt
* \textwidth=307.28987pt
* \textheight=244.6939pt
* \oddsidemargin=-43.81725pt
* \evensidemargin=-43.81725pt
* \topmargin=-72.26999pt
* \headheight=14.22636pt
* \headsep=0.0pt
* \topskip=11.0pt
* \footskip=14.22636pt
* \marginparwidth=4.0pt
* \marginparsep=10.0pt
* \columnsep=10.0pt
* \skip\footins=10.0pt plus 4.0pt minus 2.0pt
* \hoffset=0.0pt
* \voffset=0.0pt
* \mag=1000
* \@twocolumnfalse
* \@twosidefalse
* \@mparswitchfalse
* \@reversemarginfalse
* (1in=72.27pt=25.4mm, 1cm=28.453pt)


(C:\Users\ss\AppData\Local\Programs\MiKTeX_new\tex/context/base/mkii\supp-pdf.m
kii
[Loading MPS to PDF converter (version 2006.09.02).]
\scratchcounter=\count341
\scratchdimen=\dimen296
\scratchbox=\box79
\nofMPsegments=\count342
\nofMParguments=\count343
\everyMPshowfont=\toks47
\MPscratchCnt=\count344
\MPscratchDim=\dimen297
\MPnumerator=\count345
\makeMPintoPDFobject=\count346
\everyMPtoPDFconversion=\toks48
)
(C:\Users\ss\AppData\Local\Programs\MiKTeX_new\tex/latex/epstopdf-pkg\epstopdf-
base.sty
Package: epstopdf-base 2020-01-24 v2.11 Base part for package epstopdf
Package epstopdf-base Info: Redefining graphics rule for `.eps' on input line 4
85.

(C:\Users\ss\AppData\Local\Programs\MiKTeX_new\tex/latex/00miktex\epstopdf-sys.
cfg
File: epstopdf-sys.cfg 2021/03/18 v2.0 Configuration of epstopdf for MiKTeX
))
Package hyperref Info: Link coloring OFF on input line 16.
 (main.out) (main.out)
\@outlinefile=\write5
\openout5 = `main.out'.

LaTeX Font Info:    Overwriting symbol font `operators' in version `normal'
(Font)                  OT1/cmr/m/n --> OT1/cmss/m/n on input line 16.
LaTeX Font Info:    Overwriting symbol font `operators' in version `bold'
(Font)                  OT1/cmr/bx/n --> OT1/cmss/b/n on input line 16.
\symnumbers=\mathgroup6
\sympureletters=\mathgroup7
LaTeX Font Info:    Overwriting math alphabet `\mathrm' in version `normal'
(Font)                  OT1/cmss/m/n --> OT1/cmr/m/n on input line 16.
LaTeX Font Info:    Redeclaring math alphabet \mathbf on input line 16.
LaTeX Font Info:    Overwriting math alphabet `\mathbf' in version `normal'
(Font)                  OT1/cmr/bx/n --> OT1/cmss/b/n on input line 16.
LaTeX Font Info:    Overwriting math alphabet `\mathbf' in version `bold'
(Font)                  OT1/cmr/bx/n --> OT1/cmss/b/n on input line 16.
LaTeX Font Info:    Redeclaring math alphabet \mathsf on input line 16.
LaTeX Font Info:    Overwriting math alphabet `\mathsf' in version `normal'
(Font)                  OT1/cmss/m/n --> OT1/cmss/m/n on input line 16.
LaTeX Font Info:    Overwriting math alphabet `\mathsf' in version `bold'
(Font)                  OT1/cmss/bx/n --> OT1/cmss/m/n on input line 16.
LaTeX Font Info:    Redeclaring math alphabet \mathit on input line 16.
LaTeX Font Info:    Overwriting math alphabet `\mathit' in version `normal'
(Font)                  OT1/cmr/m/it --> OT1/cmss/m/it on input line 16.
LaTeX Font Info:    Overwriting math alphabet `\mathit' in version `bold'
(Font)                  OT1/cmr/bx/it --> OT1/cmss/m/it on input line 16.
LaTeX Font Info:    Redeclaring math alphabet \mathtt on input line 16.
LaTeX Font Info:    Overwriting math alphabet `\mathtt' in version `normal'
(Font)                  OT1/cmtt/m/n --> OT1/cmtt/m/n on input line 16.
LaTeX Font Info:    Overwriting math alphabet `\mathtt' in version `bold'
(Font)                  OT1/cmtt/m/n --> OT1/cmtt/m/n on input line 16.
LaTeX Font Info:    Overwriting symbol font `numbers' in version `bold'
(Font)                  OT1/cmss/m/n --> OT1/cmss/b/n on input line 16.
LaTeX Font Info:    Overwriting symbol font `pureletters' in version `bold'
(Font)                  OT1/cmss/m/it --> OT1/cmss/b/it on input line 16.
LaTeX Font Info:    Overwriting math alphabet `\mathrm' in version `bold'
(Font)                  OT1/cmss/b/n --> OT1/cmr/b/n on input line 16.
LaTeX Font Info:    Overwriting math alphabet `\mathbf' in version `bold'
(Font)                  OT1/cmss/b/n --> OT1/cmss/b/n on input line 16.
LaTeX Font Info:    Overwriting math alphabet `\mathsf' in version `bold'
(Font)                  OT1/cmss/m/n --> OT1/cmss/b/n on input line 16.
LaTeX Font Info:    Overwriting math alphabet `\mathit' in version `bold'
(Font)                  OT1/cmss/m/it --> OT1/cmss/b/it on input line 16.
LaTeX Font Info:    Overwriting math alphabet `\mathtt' in version `bold'
(Font)                  OT1/cmtt/m/n --> OT1/cmtt/b/n on input line 16.
LaTeX Font Info:    Redeclaring symbol font `pureletters' on input line 16.
LaTeX Font Info:    Overwriting symbol font `pureletters' in version `normal'
(Font)                  OT1/cmss/m/it --> OT1/mathkerncmss/m/sl on input line 1
6.
LaTeX Font Info:    Overwriting symbol font `pureletters' in version `bold'
(Font)                  OT1/cmss/b/it --> OT1/mathkerncmss/m/sl on input line 1
6.
LaTeX Font Info:    Overwriting symbol font `pureletters' in version `bold'
(Font)                  OT1/mathkerncmss/m/sl --> OT1/mathkerncmss/bx/sl on inp
ut line 16.

(C:\Users\ss\AppData\Local\Programs\MiKTeX_new\tex/latex/translator\translator-
basic-dictionary-English.dict
Dictionary: translator-basic-dictionary, Language: English 
)
(C:\Users\ss\AppData\Local\Programs\MiKTeX_new\tex/latex/translator\translator-
bibliography-dictionary-English.dict
Dictionary: translator-bibliography-dictionary, Language: English 
)
(C:\Users\ss\AppData\Local\Programs\MiKTeX_new\tex/latex/translator\translator-
environment-dictionary-English.dict
Dictionary: translator-environment-dictionary, Language: English 
)
(C:\Users\ss\AppData\Local\Programs\MiKTeX_new\tex/latex/translator\translator-
months-dictionary-English.dict
Dictionary: translator-months-dictionary, Language: English 
)
(C:\Users\ss\AppData\Local\Programs\MiKTeX_new\tex/latex/translator\translator-
numbers-dictionary-English.dict
Dictionary: translator-numbers-dictionary, Language: English 
)
(C:\Users\ss\AppData\Local\Programs\MiKTeX_new\tex/latex/translator\translator-
theorem-dictionary-English.dict
Dictionary: translator-theorem-dictionary, Language: English 
) ()

Package svg Warning: No version of Inkscape was detected by invoking
(svg)                `inkscape -V'
(svg)                so the Inkscape export will fail quite sure as the
(svg)                command is probably unknown to your OS. You could set
(svg)                `inkscapeversion=<version>' manually but this is very
(svg)                unlikely to work on input line 16.

(main.nav) [1

{C:/Users/ss/AppData/Local/MiKTeX/fonts/map/pdftex/pdftex.map}]
LaTeX Font Info:    Trying to load font information for U+msa on input line 27.


(C:\Users\ss\AppData\Local\Programs\MiKTeX_new\tex/latex/amsfonts\umsa.fd
File: umsa.fd 2013/01/14 v3.01 AMS symbols A
)
LaTeX Font Info:    Trying to load font information for U+msb on input line 27.


(C:\Users\ss\AppData\Local\Programs\MiKTeX_new\tex/latex/amsfonts\umsb.fd
File: umsb.fd 2013/01/14 v3.01 AMS symbols B
)
LaTeX Font Info:    Trying to load font information for OT1+mathkerncmss on inp
ut line 27.

(C:\Users\ss\AppData\Local\Programs\MiKTeX_new\tex/latex/sansmathaccent\ot1math
kerncmss.fd
File: ot1mathkerncmss.fd 2020/01/31 Fontinst v1.933 font definitions for OT1/ma
thkerncmss.
) [2

] [3

] [4

] [5

]
<MBE.png, id=147, 331.2375pt x 403.5075pt>
File: MBE.png Graphic file (type png)
<use MBE.png>
Package pdftex.def Info: MBE.png  used on input line 100.
(pdftex.def)             Requested size: 165.61833pt x 201.75325pt.


! LaTeX Error: Something's wrong--perhaps a missing \item.

See the LaTeX manual or LaTeX Companion for explanation.
Type  H <return>  for immediate help.
 ...                                              
                                                  
l.100 \end{frame}
                 
Try typing  <return>  to proceed.
If that doesn't work, type  X <return>  to quit.

[6

 <./MBE.png>]

! LaTeX Error: Environment subfigure undefined.

See the LaTeX manual or LaTeX Companion for explanation.
Type  H <return>  for immediate help.
 ...                                              
                                                  
l.137 \end{frame}
                 
Your command was ignored.
Type  I <command> <return>  to replace it with another command,
or  <return>  to continue without it.

<EBL1.png, id=176, 473.97075pt x 503.481pt>
File: EBL1.png Graphic file (type png)
<use EBL1.png>
Package pdftex.def Info: EBL1.png  used on input line 137.
(pdftex.def)             Requested size: 71.09254pt x 75.51889pt.

! LaTeX Error: \begin{center} on input line 137 ended by \end{subfigure}.

See the LaTeX manual or LaTeX Companion for explanation.
Type  H <return>  for immediate help.
 ...                                              
                                                  
l.137 \end{frame}
                 
Your command was ignored.
Type  I <command> <return>  to replace it with another command,
or  <return>  to continue without it.


! LaTeX Error: Environment subfigure undefined.

See the LaTeX manual or LaTeX Companion for explanation.
Type  H <return>  for immediate help.
 ...                                              
                                                  
l.137 \end{frame}
                 
Your command was ignored.
Type  I <command> <return>  to replace it with another command,
or  <return>  to continue without it.

<EBL2.png, id=177, 489.62926pt x 423.38174pt>
File: EBL2.png Graphic file (type png)
<use EBL2.png>
Package pdftex.def Info: EBL2.png  used on input line 137.
(pdftex.def)             Requested size: 73.44121pt x 63.50452pt.

! LaTeX Error: \begin{center} on input line 137 ended by \end{subfigure}.

See the LaTeX manual or LaTeX Companion for explanation.
Type  H <return>  for immediate help.
 ...                                              
                                                  
l.137 \end{frame}
                 
Your command was ignored.
Type  I <command> <return>  to replace it with another command,
or  <return>  to continue without it.


! LaTeX Error: Environment subfigure undefined.

See the LaTeX manual or LaTeX Companion for explanation.
Type  H <return>  for immediate help.
 ...                                              
                                                  
l.137 \end{frame}
                 
Your command was ignored.
Type  I <command> <return>  to replace it with another command,
or  <return>  to continue without it.

<EBL3.png, id=178, 483.60675pt x 455.90324pt>
File: EBL3.png Graphic file (type png)
<use EBL3.png>
Package pdftex.def Info: EBL3.png  used on input line 137.
(pdftex.def)             Requested size: 72.53787pt x 68.38252pt.

! LaTeX Error: \begin{center} on input line 137 ended by \end{subfigure}.

See the LaTeX manual or LaTeX Companion for explanation.
Type  H <return>  for immediate help.
 ...                                              
                                                  
l.137 \end{frame}
                 
Your command was ignored.
Type  I <command> <return>  to replace it with another command,
or  <return>  to continue without it.


! LaTeX Error: Environment subfigure undefined.

See the LaTeX manual or LaTeX Companion for explanation.
Type  H <return>  for immediate help.
 ...                                              
                                                  
l.137 \end{frame}
                 
Your command was ignored.
Type  I <command> <return>  to replace it with another command,
or  <return>  to continue without it.

<EBL4.png, id=179, 536.0025pt x 457.71pt>
File: EBL4.png Graphic file (type png)
<use EBL4.png>
Package pdftex.def Info: EBL4.png  used on input line 137.
(pdftex.def)             Requested size: 80.3969pt x 68.65353pt.

! LaTeX Error: \begin{center} on input line 137 ended by \end{subfigure}.

See the LaTeX manual or LaTeX Companion for explanation.
Type  H <return>  for immediate help.
 ...                                              
                                                  
l.137 \end{frame}
                 
Your command was ignored.
Type  I <command> <return>  to replace it with another command,
or  <return>  to continue without it.


! LaTeX Error: Environment subfigure undefined.

See the LaTeX manual or LaTeX Companion for explanation.
Type  H <return>  for immediate help.
 ...                                              
                                                  
l.137 \end{frame}
                 
Your command was ignored.
Type  I <command> <return>  to replace it with another command,
or  <return>  to continue without it.

<EBL5.png, id=180, 606.46574pt x 508.90125pt>
File: EBL5.png Graphic file (type png)
<use EBL5.png>
Package pdftex.def Info: EBL5.png  used on input line 137.
(pdftex.def)             Requested size: 90.96593pt x 76.3319pt.

! LaTeX Error: \begin{center} on input line 137 ended by \end{subfigure}.

See the LaTeX manual or LaTeX Companion for explanation.
Type  H <return>  for immediate help.
 ...                                              
                                                  
l.137 \end{frame}
                 
Your command was ignored.
Type  I <command> <return>  to replace it with another command,
or  <return>  to continue without it.


! LaTeX Error: Environment subfigure undefined.

See the LaTeX manual or LaTeX Companion for explanation.
Type  H <return>  for immediate help.
 ...                                              
                                                  
l.137 \end{frame}
                 
Your command was ignored.
Type  I <command> <return>  to replace it with another command,
or  <return>  to continue without it.

<EBL6.png, id=181, 575.751pt x 488.42474pt>
File: EBL6.png Graphic file (type png)
<use EBL6.png>
Package pdftex.def Info: EBL6.png  used on input line 137.
(pdftex.def)             Requested size: 86.35892pt x 73.26054pt.

! LaTeX Error: \begin{center} on input line 137 ended by \end{subfigure}.

See the LaTeX manual or LaTeX Companion for explanation.
Type  H <return>  for immediate help.
 ...                                              
                                                  
l.137 \end{frame}
                 
Your command was ignored.
Type  I <command> <return>  to replace it with another command,
or  <return>  to continue without it.

[7

 <./EBL1.png> <./EBL2.png> <./EBL3.png> <./EBL4.png> <./EBL5.png> <./EBL6.png>]


! LaTeX Error: Environment subfigure undefined.

See the LaTeX manual or LaTeX Companion for explanation.
Type  H <return>  for immediate help.
 ...                                              
                                                  
l.192 \end{frame}
                 
Your command was ignored.
Type  I <command> <return>  to replace it with another command,
or  <return>  to continue without it.

<E_Gating.png, id=220, 486.618pt x 517.935pt>
File: E_Gating.png Graphic file (type png)
<use E_Gating.png>
Package pdftex.def Info: E_Gating.png  used on input line 192.
(pdftex.def)             Requested size: 72.98955pt x 77.68689pt.

! LaTeX Error: \begin{center} on input line 192 ended by \end{subfigure}.

See the LaTeX manual or LaTeX Companion for explanation.
Type  H <return>  for immediate help.
 ...                                              
                                                  
l.192 \end{frame}
                 
Your command was ignored.
Type  I <command> <return>  to replace it with another command,
or  <return>  to continue without it.


! LaTeX Error: Environment subfigure undefined.

See the LaTeX manual or LaTeX Companion for explanation.
Type  H <return>  for immediate help.
 ...                                              
                                                  
l.192 \end{frame}
                 
Your command was ignored.
Type  I <command> <return>  to replace it with another command,
or  <return>  to continue without it.

<SET.png, id=221, 811.23074pt x 501.67426pt>
File: SET.png Graphic file (type png)
<use SET.png>
Package pdftex.def Info: SET.png  used on input line 192.
(pdftex.def)             Requested size: 121.67935pt x 75.24788pt.

! LaTeX Error: \begin{center} on input line 192 ended by \end{subfigure}.

See the LaTeX manual or LaTeX Companion for explanation.
Type  H <return>  for immediate help.
 ...                                              
                                                  
l.192 \end{frame}
                 
Your command was ignored.
Type  I <command> <return>  to replace it with another command,
or  <return>  to continue without it.


Overfull \hbox (12.9395pt too wide) in paragraph at lines 192--192
 [][]\OT1/cmss/m/n/10.95 (b) 
 []

[8

 <./E_Gating.png> <./SET.png>]

! LaTeX Error: Environment subfigure undefined.

See the LaTeX manual or LaTeX Companion for explanation.
Type  H <return>  for immediate help.
 ...                                              
                                                  
l.220 \end{frame}
                 
Your command was ignored.
Type  I <command> <return>  to replace it with another command,
or  <return>  to continue without it.

<SET2.png, id=250, 481.8pt x 361.95226pt>
File: SET2.png Graphic file (type png)
<use SET2.png>
Package pdftex.def Info: SET2.png  used on input line 220.
(pdftex.def)             Requested size: 72.26688pt x 54.29048pt.

! LaTeX Error: \begin{center} on input line 220 ended by \end{subfigure}.

See the LaTeX manual or LaTeX Companion for explanation.
Type  H <return>  for immediate help.
 ...                                              
                                                  
l.220 \end{frame}
                 
Your command was ignored.
Type  I <command> <return>  to replace it with another command,
or  <return>  to continue without it.


! LaTeX Error: Environment subfigure undefined.

See the LaTeX manual or LaTeX Companion for explanation.
Type  H <return>  for immediate help.
 ...                                              
                                                  
l.220 \end{frame}
                 
Your command was ignored.
Type  I <command> <return>  to replace it with another command,
or  <return>  to continue without it.

<Coloumb Blockade.png, id=251, 622.7265pt x 469.15276pt>
File: Coloumb Blockade.png Graphic file (type png)
<use Coloumb Blockade.png>
Package pdftex.def Info: Coloumb Blockade.png  used on input line 220.
(pdftex.def)             Requested size: 124.54309pt x 93.82887pt.

! LaTeX Error: \begin{center} on input line 220 ended by \end{subfigure}.

See the LaTeX manual or LaTeX Companion for explanation.
Type  H <return>  for immediate help.
 ...                                              
                                                  
l.220 \end{frame}
                 
Your command was ignored.
Type  I <command> <return>  to replace it with another command,
or  <return>  to continue without it.


Overfull \hbox (15.80324pt too wide) in paragraph at lines 220--220
 [][]\OT1/cmss/m/n/10.95 (b) 
 []


pdfTeX warning (ext4): destination with the same identifier (name{Egating\040an
d\040SET}) has been already used, duplicate ignored
<to be read again> 
                   \relax 
l.220 \end{frame}
                  [9

 <./SET2.png> <./Coloumb Blockade.png>] [10

] [11

]
<Vectorization.jpg, id=334, 963.6pt x 542.025pt>
File: Vectorization.jpg Graphic file (type jpg)
<use Vectorization.jpg>
Package pdftex.def Info: Vectorization.jpg  used on input line 251.
(pdftex.def)             Requested size: 289.08223pt x 162.60875pt.

Overfull \hbox (3.69241pt too wide) in paragraph at lines 251--251
 [] 
 []

[12

 <./Vectorization.jpg>] [13

] [14

]

! LaTeX Error: Environment subfigure undefined.

See the LaTeX manual or LaTeX Companion for explanation.
Type  H <return>  for immediate help.
 ...                                              
                                                  
l.314 \end{frame}
                 
Your command was ignored.
Type  I <command> <return>  to replace it with another command,
or  <return>  to continue without it.

<Qdot1ML.png, id=419, 337.5009pt x 323.19144pt>
File: Qdot1ML.png Graphic file (type png)
<use Qdot1ML.png>
Package pdftex.def Info: Qdot1ML.png  used on input line 314.
(pdftex.def)             Requested size: 84.37502pt x 80.79765pt.
! Misplaced alignment tab character &.
\beamer@doifinframe ...le = 0.25]{Qdot1ML.png}(a)&
                                                   \end {subfigure} \begin {...
l.314 \end{frame}
                 
I can't figure out why you would want to use a tab mark
here. If you just want an ampersand, the remedy is
simple: Just type `I\&' now. But if some right brace
up above has ended a previous alignment prematurely,
you're probably due for more error messages, and you
might try typing `S' now just to see what is salvageable.


! LaTeX Error: \begin{center} on input line 314 ended by \end{subfigure}.

See the LaTeX manual or LaTeX Companion for explanation.
Type  H <return>  for immediate help.
 ...                                              
                                                  
l.314 \end{frame}
                 
Your command was ignored.
Type  I <command> <return>  to replace it with another command,
or  <return>  to continue without it.


! LaTeX Error: Environment subfigure undefined.

See the LaTeX manual or LaTeX Companion for explanation.
Type  H <return>  for immediate help.
 ...                                              
                                                  
l.314 \end{frame}
                 
Your command was ignored.
Type  I <command> <return>  to replace it with another command,
or  <return>  to continue without it.

<Tenergies.png, id=420, 331.14114pt x 323.19144pt>
File: Tenergies.png Graphic file (type png)
<use Tenergies.png>
Package pdftex.def Info: Tenergies.png  used on input line 314.
(pdftex.def)             Requested size: 82.78508pt x 80.79765pt.

! LaTeX Error: \begin{center} on input line 314 ended by \end{subfigure}.

See the LaTeX manual or LaTeX Companion for explanation.
Type  H <return>  for immediate help.
 ...                                              
                                                  
l.314 \end{frame}
                 
Your command was ignored.
Type  I <command> <return>  to replace it with another command,
or  <return>  to continue without it.


! LaTeX Error: Environment subfigure undefined.

See the LaTeX manual or LaTeX Companion for explanation.
Type  H <return>  for immediate help.
 ...                                              
                                                  
l.314 \end{frame}
                 
Your command was ignored.
Type  I <command> <return>  to replace it with another command,
or  <return>  to continue without it.

<Paper_energies.png, id=421, 542.025pt x 397.485pt>
File: Paper_energies.png Graphic file (type png)
<use Paper_energies.png>
Package pdftex.def Info: Paper_energies.png  used on input line 314.
(pdftex.def)             Requested size: 119.24586pt x 87.44696pt.
! Misplaced alignment tab character &.
\beamer@doifinframe ...22]{Paper_energies.png}(c)&
                                                   \end {subfigure} \begin {...
l.314 \end{frame}
                 
I can't figure out why you would want to use a tab mark
here. If you just want an ampersand, the remedy is
simple: Just type `I\&' now. But if some right brace
up above has ended a previous alignment prematurely,
you're probably due for more error messages, and you
might try typing `S' now just to see what is salvageable.


! LaTeX Error: \begin{center} on input line 314 ended by \end{subfigure}.

See the LaTeX manual or LaTeX Companion for explanation.
Type  H <return>  for immediate help.
 ...                                              
                                                  
l.314 \end{frame}
                 
Your command was ignored.
Type  I <command> <return>  to replace it with another command,
or  <return>  to continue without it.


! LaTeX Error: Environment subfigure undefined.

See the LaTeX manual or LaTeX Companion for explanation.
Type  H <return>  for immediate help.
 ...                                              
                                                  
l.314 \end{frame}
                 
Your command was ignored.
Type  I <command> <return>  to replace it with another command,
or  <return>  to continue without it.

<paper_Transitions.png, id=422, 588.39825pt x 505.28775pt>
File: paper_Transitions.png Graphic file (type png)
<use paper_Transitions.png>
Package pdftex.def Info: paper_Transitions.png  used on input line 314.
(pdftex.def)             Requested size: 100.02637pt x 85.89778pt.

! LaTeX Error: \begin{center} on input line 314 ended by \end{subfigure}.

See the LaTeX manual or LaTeX Companion for explanation.
Type  H <return>  for immediate help.
 ...                                              
                                                  
l.314 \end{frame}
                 
Your command was ignored.
Type  I <command> <return>  to replace it with another command,
or  <return>  to continue without it.

[15

 <./Qdot1ML.png> <./Tenergies.png> <./Paper_energies.png> <./paper_Transitions.
png>]
! Undefined control sequence.
\beamer@doifinframe ...\end {itemize} \par \Small 
                                                  \begin {equation} \begin {...
l.346 \end{frame}
                 
The control sequence at the end of the top line
of your error message was never \def'ed. If you have
misspelled it (e.g., `\hobx'), type `I' and the correct
spelling (e.g., `I\hbox'). Otherwise just continue,
and I'll forget about whatever was undefined.

! Extra }, or forgotten \right.
<template> }
            $\hfill \endtemplate 
l.346 \end{frame}
                 
I've deleted a group-closing symbol because it seems to be
spurious, as in `$x}$'. But perhaps the } is legitimate and
you forgot something else, as in `\hbox{$x}'. In such cases
the way to recover is to insert both the forgotten and the
deleted material, e.g., by typing `I$}'.

! Missing \right. inserted.
<inserted text> 
                \right .
l.346 \end{frame}
                 
I've inserted something that you may have forgotten.
(See the <inserted text> above.)
With luck, this will get me unwedged. But if you
really didn't forget anything, try typing `2' now; then
my insertion and my current dilemma will both disappear.

! Missing } inserted.
<inserted text> 
                }
l.346 \end{frame}
                 
I've inserted something that you may have forgotten.
(See the <inserted text> above.)
With luck, this will get me unwedged. But if you
really didn't forget anything, try typing `2' now; then
my insertion and my current dilemma will both disappear.

! Missing } inserted.
<inserted text> 
                }
l.346 \end{frame}
                 
I've inserted something that you may have forgotten.
(See the <inserted text> above.)
With luck, this will get me unwedged. But if you
really didn't forget anything, try typing `2' now; then
my insertion and my current dilemma will both disappear.

! Extra \right.
<argument> ...c {1}{E + E_g + \Delta - V} \right )
                                                   \end {split}
l.346 \end{frame}
                 
I'm ignoring a \right that had no matching \left.

! Missing { inserted.
<inserted text> 
                {
l.346 \end{frame}
                 
I've put in what seems to be necessary to fix
the current column of the current alignment.
Try to go on, since this might almost work.

! Extra }, or forgotten \right.
<template> }
            $\hfill \endtemplate 
l.346 \end{frame}
                 
I've deleted a group-closing symbol because it seems to be
spurious, as in `$x}$'. But perhaps the } is legitimate and
you forgot something else, as in `\hbox{$x}'. In such cases
the way to recover is to insert both the forgotten and the
deleted material, e.g., by typing `I$}'.

! Missing \right. inserted.
<inserted text> 
                \right .
l.346 \end{frame}
                 
I've inserted something that you may have forgotten.
(See the <inserted text> above.)
With luck, this will get me unwedged. But if you
really didn't forget anything, try typing `2' now; then
my insertion and my current dilemma will both disappear.

! Missing } inserted.
<inserted text> 
                }
l.346 \end{frame}
                 
I've inserted something that you may have forgotten.
(See the <inserted text> above.)
With luck, this will get me unwedged. But if you
really didn't forget anything, try typing `2' now; then
my insertion and my current dilemma will both disappear.

! Missing } inserted.
<inserted text> 
                }
l.346 \end{frame}
                 
I've inserted something that you may have forgotten.
(See the <inserted text> above.)
With luck, this will get me unwedged. But if you
really didn't forget anything, try typing `2' now; then
my insertion and my current dilemma will both disappear.

! Extra \right.
<argument> ...c {1}{E + E_g + \Delta - V} \right )
                                                   \end {split}
l.346 \end{frame}
                 
I'm ignoring a \right that had no matching \left.

! Missing { inserted.
<inserted text> 
                {
l.346 \end{frame}
                 
I've put in what seems to be necessary to fix
the current column of the current alignment.
Try to go on, since this might almost work.

! Missing $ inserted.
<inserted text> 
                $
l.346 \end{frame}
                 
I've inserted a begin-math/end-math symbol since I think
you left one out. Proceed, with fingers crossed.

! Missing } inserted.
<inserted text> 
                }
l.346 \end{frame}
                 
I've inserted something that you may have forgotten.
(See the <inserted text> above.)
With luck, this will get me unwedged. But if you
really didn't forget anything, try typing `2' now; then
my insertion and my current dilemma will both disappear.

! Missing } inserted.
<inserted text> 
                }
l.346 \end{frame}
                 
I've inserted something that you may have forgotten.
(See the <inserted text> above.)
With luck, this will get me unwedged. But if you
really didn't forget anything, try typing `2' now; then
my insertion and my current dilemma will both disappear.

! Missing } inserted.
<inserted text> 
                }
l.346 \end{frame}
                 
I've inserted something that you may have forgotten.
(See the <inserted text> above.)
With luck, this will get me unwedged. But if you
really didn't forget anything, try typing `2' now; then
my insertion and my current dilemma will both disappear.

! Missing \cr inserted.
<inserted text> 
                \cr 
l.346 \end{frame}
                 
I'm guessing that you meant to end an alignment here.

! Missing { inserted.
<inserted text> 
                {
l.346 \end{frame}
                 
I've put in what seems to be necessary to fix
the current column of the current alignment.
Try to go on, since this might almost work.

! Missing { inserted.
<inserted text> 
                {
l.346 \end{frame}
                 
I've put in what seems to be necessary to fix
the current column of the current alignment.
Try to go on, since this might almost work.

! Extra }, or forgotten $.
<recently read> }
                 
l.346 \end{frame}
                 
I've deleted a group-closing symbol because it seems to be
spurious, as in `$x}$'. But perhaps the } is legitimate and
you forgot something else, as in `\hbox{$x}'. In such cases
the way to recover is to insert both the forgotten and the
deleted material, e.g., by typing `I$}'.

! Missing $ inserted.
<inserted text> 
                $
l.346 \end{frame}
                 
I've inserted a begin-math/end-math symbol since I think
you left one out. Proceed, with fingers crossed.

! Missing } inserted.
<inserted text> 
                }
l.346 \end{frame}
                 
I've inserted something that you may have forgotten.
(See the <inserted text> above.)
With luck, this will get me unwedged. But if you
really didn't forget anything, try typing `2' now; then
my insertion and my current dilemma will both disappear.


! LaTeX Error: Bad math environment delimiter.

See the LaTeX manual or LaTeX Companion for explanation.
Type  H <return>  for immediate help.
 ...                                              
                                                  
l.346 \end{frame}
                 
Your command was ignored.
Type  I <command> <return>  to replace it with another command,
or  <return>  to continue without it.

! You can't use `\eqno' in internal vertical mode.
\veqno ->\@kernel@eqno 
                       \aftergroup \ignorespaces 
l.346 \end{frame}
                 
Sorry, but I'm not programmed to handle this case;
I'll just pretend that you didn't ask for it.
If you're in the wrong mode, you might be able to
return to the right one by typing `I}' or `I$' or `I\par'.

! Missing $ inserted.
<inserted text> 
                $
l.346 \end{frame}
                 
I've inserted something that you may have forgotten.
(See the <inserted text> above.)
With luck, this will get me unwedged. But if you
really didn't forget anything, try typing `2' now; then
my insertion and my current dilemma will both disappear.

! Display math should end with $$.
<to be read again> 
                   \endgroup 
l.346 \end{frame}
                 
The `$' that I just saw supposedly matches a previous `$$'.
So I shall assume that you typed `$$' both times.

! Missing } inserted.
<inserted text> 
                }
l.346 \end{frame}
                 
I've inserted something that you may have forgotten.
(See the <inserted text> above.)
With luck, this will get me unwedged. But if you
really didn't forget anything, try typing `2' now; then
my insertion and my current dilemma will both disappear.

! Missing $ inserted.
<inserted text> 
                $
l.346 \end{frame}
                 
I've inserted something that you may have forgotten.
(See the <inserted text> above.)
With luck, this will get me unwedged. But if you
really didn't forget anything, try typing `2' now; then
my insertion and my current dilemma will both disappear.

! Display math should end with $$.
<to be read again> 
                   \endgroup 
l.346 \end{frame}
                 
The `$' that I just saw supposedly matches a previous `$$'.
So I shall assume that you typed `$$' both times.

<iterative.jpg, id=453, 532.99126pt x 414.79968pt>
File: iterative.jpg Graphic file (type jpg)
<use iterative.jpg>
Package pdftex.def Info: iterative.jpg  used on input line 346.
(pdftex.def)             Requested size: 186.54973pt x 145.18207pt.

Overfull \hbox (2.17393pt too wide) in paragraph at lines 346--346
 [] 
 []


Overfull \vbox (54.10905pt too high) detected at line 346
 []

[16

 <./iterative.jpg>] [17

]
LaTeX Font Info:    Font shape `OT1/cmss/b/n' in size <10.95> not available
(Font)              Font shape `OT1/cmss/bx/n' tried instead on input line 380.

LaTeX Font Info:    Font shape `OT1/cmss/b/n' in size <8> not available
(Font)              Font shape `OT1/cmss/bx/n' tried instead on input line 380.

LaTeX Font Info:    Font shape `OT1/cmss/b/n' in size <6> not available
(Font)              Font shape `OT1/cmss/bx/n' tried instead on input line 380.

 [18

]
LaTeX Font Info:    Font shape `OT1/cmss/b/n' in size <10> not available
(Font)              Font shape `OT1/cmss/bx/n' tried instead on input line 408.

LaTeX Font Info:    Font shape `OT1/cmss/b/n' in size <7> not available
(Font)              Font shape `OT1/cmss/bx/n' tried instead on input line 408.

LaTeX Font Info:    Font shape `OT1/cmss/b/n' in size <5> not available
(Font)              Font shape `OT1/cmss/bx/n' tried instead on input line 408.


! Double superscript.
\beamer@doifinframe ...lve for $\{\psi ^\prime _i^
                                                  \sigma (\mathbf {r})\}$ \p...
l.408 \end{frame}
                 
I treat `x^1^2' essentially like `x^1{}^2'.


! LaTeX Error: Lonely \item--perhaps a missing list environment.

See the LaTeX manual or LaTeX Companion for explanation.
Type  H <return>  for immediate help.
 ...                                              
                                                  
l.408 \end{frame}
                 
Try typing  <return>  to proceed.
If that doesn't work, type  X <return>  to quit.


Underfull \hbox (badness 10000) detected at line 408
[][]
 []

[19

]
<PLE.png, id=559, 369.7815pt x 492.6405pt>
File: PLE.png Graphic file (type png)
<use PLE.png>
Package pdftex.def Info: PLE.png  used on input line 428.
(pdftex.def)             Requested size: 147.90997pt x 197.0527pt.

Overfull \hbox (24.99591pt too wide) in paragraph at lines 428--428
 [] 
 []

[20

 <./PLE.png>]
<CV_QDs.png, id=587, 360.1455pt x 394.47375pt>
File: CV_QDs.png Graphic file (type png)
<use CV_QDs.png>
Package pdftex.def Info: CV_QDs.png  used on input line 451.
(pdftex.def)             Requested size: 108.04448pt x 118.34303pt.
 [21

 <./CV_QDs.png>] [22

]
<coverage.png, id=640, 271.0125pt x 455.90324pt>
File: coverage.png Graphic file (type png)
<use coverage.png>
Package pdftex.def Info: coverage.png  used on input line 480.
(pdftex.def)             Requested size: 108.40306pt x 182.35806pt.
 [23

 <./coverage.png>]
<PL annealing.png, id=668, 336.65775pt x 497.4585pt>
File: PL annealing.png Graphic file (type png)
<use PL annealing.png>
Package pdftex.def Info: PL annealing.png  used on input line 500.
(pdftex.def)             Requested size: 134.6607pt x 198.97987pt.
 [24

 <./PL annealing.png>] [25

]
No file main.bbl.

LaTeX Warning: Citation `reed1993quantum' undefined on input line 520.


LaTeX Warning: Citation `shur1989gallium' undefined on input line 521.


LaTeX Warning: Citation `hsu2000tuning' undefined on input line 522.


LaTeX Warning: Citation `alhassid2000statistical' undefined on input line 523.


LaTeX Warning: Citation `pu2018colloidal' undefined on input line 524.


LaTeX Warning: Citation `marzin1994calculation' undefined on input line 525.


LaTeX Warning: Citation `li2001computer' undefined on input line 526.


LaTeX Warning: Citation `sDFT' undefined on input line 527.


LaTeX Warning: Citation `10.1063/1.3284083' undefined on input line 528.


LaTeX Warning: Citation `kilina2016surface' undefined on input line 529.


LaTeX Warning: Citation `haram2011quantum' undefined on input line 530.


LaTeX Warning: Citation `steer1996electronic' undefined on input line 531.


LaTeX Warning: Citation `fafard1999manipulating' undefined on input line 532.


LaTeX Warning: Citation `zhang2008tuning' undefined on input line 533.


LaTeX Warning: Citation `silvestrov2007quantum' undefined on input line 534.

\tf@nav=\write6
\openout6 = `main.nav'.

\tf@toc=\write7
\openout7 = `main.toc'.

\tf@snm=\write8
\openout8 = `main.snm'.

(main.aux)
 ***********
LaTeX2e <2023-11-01> patch level 1
L3 programming layer <2024-02-20>
 ***********


LaTeX Warning: There were undefined references.


LaTeX Warning: There were multiply-defined labels.

Package rerunfilecheck Info: File `main.out' has not changed.
(rerunfilecheck)             Checksum: D41D8CD98F00B204E9800998ECF8427E;0.
 ) 
Here is how much of TeX's memory you used:
 22654 strings out of 474456
 442070 string characters out of 5742274
 1942190 words of memory out of 5000000
 44420 multiletter control sequences out of 15000+600000
 571283 words of font info for 83 fonts, out of 8000000 for 9000
 1141 hyphenation exceptions out of 8191
 128i,20n,123p,381b,645s stack positions out of 10000i,1000n,20000p,200000b,200000s
<C:/Users/ss/AppData/Local/Programs/MiKTeX_new/fonts/type1/public/amsfonts/cm
/cmex10.pfb><C:/Users/ss/AppData/Local/Programs/MiKTeX_new/fonts/type1/public/a
msfonts/cm/cmmi10.pfb><C:/Users/ss/AppData/Local/Programs/MiKTeX_new/fonts/type
1/public/amsfonts/cm/cmmi6.pfb><C:/Users/ss/AppData/Local/Programs/MiKTeX_new/f
onts/type1/public/amsfonts/cm/cmmi7.pfb><C:/Users/ss/AppData/Local/Programs/MiK
TeX_new/fonts/type1/public/amsfonts/cm/cmmi8.pfb><C:/Users/ss/AppData/Local/Pro
grams/MiKTeX_new/fonts/type1/public/amsfonts/cm/cmr10.pfb><C:/Users/ss/AppData/
Local/Programs/MiKTeX_new/fonts/type1/public/amsfonts/cm/cmss10.pfb><C:/Users/s
s/AppData/Local/Programs/MiKTeX_new/fonts/type1/public/amsfonts/cm/cmss12.pfb><
C:/Users/ss/AppData/Local/Programs/MiKTeX_new/fonts/type1/public/amsfonts/cm/cm
ss8.pfb><C:/Users/ss/AppData/Local/Programs/MiKTeX_new/fonts/type1/public/amsfo
nts/cm/cmss9.pfb><C:/Users/ss/AppData/Local/Programs/MiKTeX_new/fonts/type1/pub
lic/amsfonts/cm/cmssbx10.pfb><C:/Users/ss/AppData/Local/Programs/MiKTeX_new/fon
ts/type1/public/amsfonts/cm/cmssi10.pfb><C:/Users/ss/AppData/Local/Programs/MiK
TeX_new/fonts/type1/public/amsfonts/cm/cmssi8.pfb><C:/Users/ss/AppData/Local/Pr
ograms/MiKTeX_new/fonts/type1/public/amsfonts/cm/cmsy10.pfb><C:/Users/ss/AppDat
a/Local/Programs/MiKTeX_new/fonts/type1/public/amsfonts/cm/cmsy6.pfb><C:/Users/
ss/AppData/Local/Programs/MiKTeX_new/fonts/type1/public/amsfonts/cm/cmsy7.pfb><
C:/Users/ss/AppData/Local/Programs/MiKTeX_new/fonts/type1/public/amsfonts/cm/cm
sy8.pfb><C:/Users/ss/AppData/Local/Programs/MiKTeX_new/fonts/type1/public/amsfo
nts/symbols/msam10.pfb><C:/Users/ss/AppData/Local/Programs/MiKTeX_new/fonts/typ
e1/public/amsfonts/symbols/msbm10.pfb>
Output written on main.pdf (25 pages, 2354405 bytes).
PDF statistics:
 814 PDF objects out of 1000 (max. 8388607)
 69 named destinations out of 1000 (max. 500000)
 148 words of extra memory for PDF output out of 10000 (max. 10000000)

